
> swat-xc-routes@0.1.0 start
> next start -p 3000

node:fs:449
    return binding.readFileUtf8(path, stringToFlags(options.flag));
                   ^

Error: ETIMEDOUT: connection timed out, read
    at Object.readFileSync (node:fs:449:20)
    at getMaybeCachedSource (node:internal/modules/cjs/loader:1552:18)
    at Module._extensions..js (node:internal/modules/cjs/loader:1564:19)
    at Module.load (node:internal/modules/cjs/loader:1275:32)
    at Module._load (node:internal/modules/cjs/loader:1096:12)
    at Module.require (node:internal/modules/cjs/loader:1298:19)
    at mod.require (/Users/howardwang/Desktop/Miscellaneous/Quick Projects/Running Route Project/swat-xc-routes/node_modules/next/dist/server/require-hook.js:68:28)
    at require (node:internal/modules/helpers:182:18)
    at Object.<anonymous> (/Users/howardwang/Desktop/Miscellaneous/Quick Projects/Running Route Project/swat-xc-routes/node_modules/next/dist/lib/get-project-dir.js:13:21)
    at Module._compile (node:internal/modules/cjs/loader:1529:14) {
  errno: -60,
  code: 'ETIMEDOUT',
  syscall: 'read'
}

Node.js v20.19.4
